This is pdfTeX, Version 3.1415926-2.3-1.40.12 (MiKTeX 2.9 64-bit) (preloaded format=pdflatex 2012.8.31)  23 SEP 2012 01:17
entering extended mode
**mainDoc.tex
("D:\testing Game\GameDoc\mainDoc.tex"
LaTeX2e <2011/06/27>
Babel <v3.8m> and hyphenation patterns for english, afrikaans, ancientgreek, ar
abic, armenian, assamese, basque, bengali, bokmal, bulgarian, catalan, coptic, 
croatian, czech, danish, dutch, esperanto, estonian, farsi, finnish, french, ga
lician, german, german-x-2009-06-19, greek, gujarati, hindi, hungarian, iceland
ic, indonesian, interlingua, irish, italian, kannada, kurmanji, lao, latin, lat
vian, lithuanian, malayalam, marathi, mongolian, mongolianlmc, monogreek, ngerm
an, ngerman-x-2009-06-19, nynorsk, oriya, panjabi, pinyin, polish, portuguese, 
romanian, russian, sanskrit, serbian, slovak, slovenian, spanish, swedish, swis
sgerman, tamil, telugu, turkish, turkmen, ukenglish, ukrainian, uppersorbian, u
senglishmax, welsh, loaded.
("D:\MiKTeX 2.9\tex\latex\base\book.cls"
Document Class: book 2007/10/19 v1.4h Standard LaTeX document class
("D:\MiKTeX 2.9\tex\latex\base\bk10.clo"
File: bk10.clo 2007/10/19 v1.4h Standard LaTeX file (size option)
)
\c@part=\count79
\c@chapter=\count80
\c@section=\count81
\c@subsection=\count82
\c@subsubsection=\count83
\c@paragraph=\count84
\c@subparagraph=\count85
\c@figure=\count86
\c@table=\count87
\abovecaptionskip=\skip41
\belowcaptionskip=\skip42
\bibindent=\dimen102
) ("D:\testing Game\GameDoc\mainDoc.aux" ("D:\testing Game\GameDoc\Preface.aux"
)
("D:\testing Game\GameDoc\Introduction.aux")
("D:\testing Game\GameDoc\Gameplay.aux") ("D:\testing Game\GameDoc\Storyline.au
x"))
LaTeX Font Info:    Checking defaults for OML/cmm/m/it on input line 2.
LaTeX Font Info:    ... okay on input line 2.
LaTeX Font Info:    Checking defaults for T1/cmr/m/n on input line 2.
LaTeX Font Info:    ... okay on input line 2.
LaTeX Font Info:    Checking defaults for OT1/cmr/m/n on input line 2.
LaTeX Font Info:    ... okay on input line 2.
LaTeX Font Info:    Checking defaults for OMS/cmsy/m/n on input line 2.
LaTeX Font Info:    ... okay on input line 2.
LaTeX Font Info:    Checking defaults for OMX/cmex/m/n on input line 2.
LaTeX Font Info:    ... okay on input line 2.
LaTeX Font Info:    Checking defaults for U/cmr/m/n on input line 2.
LaTeX Font Info:    ... okay on input line 2.
LaTeX Font Info:    External font `cmex10' loaded for size
(Font)              <12> on input line 6.
LaTeX Font Info:    External font `cmex10' loaded for size
(Font)              <8> on input line 6.
LaTeX Font Info:    External font `cmex10' loaded for size
(Font)              <6> on input line 6.
 [1


{C:/ProgramData/MiKTeX/2.9/pdftex/config/pdftex.map}] [2

]
("D:\testing Game\GameDoc\Preface.tex"
LaTeX Font Info:    External font `cmex10' loaded for size
(Font)              <7> on input line 2.
LaTeX Font Info:    External font `cmex10' loaded for size
(Font)              <5> on input line 2.
) [1


] [2


]
("D:\testing Game\GameDoc\mainDoc.toc")
\tf@toc=\write3
 [3] [4

]
("D:\testing Game\GameDoc\Introduction.tex"
Chapter 1.

Underfull \hbox (badness 10000) in paragraph at lines 2--3

 []

LaTeX Font Info:    Try loading font information for OMS+cmr on input line 4.
("D:\MiKTeX 2.9\tex\latex\base\omscmr.fd"
File: omscmr.fd 1999/05/25 v2.5h Standard LaTeX font definitions
)
LaTeX Font Info:    Font shape `OMS/cmr/m/n' in size <10> not available
(Font)              Font shape `OMS/cmsy/m/n' tried instead on input line 4.
) [1


] [2]
("D:\testing Game\GameDoc\Gameplay.tex"
Chapter 2.
[3



]) [4] ("D:\testing Game\GameDoc\Storyline.tex")
("D:\testing Game\GameDoc\mainDoc.aux" ("D:\testing Game\GameDoc\Preface.aux")
("D:\testing Game\GameDoc\Introduction.aux")
("D:\testing Game\GameDoc\Gameplay.aux") ("D:\testing Game\GameDoc\Storyline.au
x")) ) 
Here is how much of TeX's memory you used:
 316 strings out of 494045
 4187 string characters out of 3154026
 52890 words of memory out of 3000000
 3648 multiletter control sequences out of 15000+200000
 9767 words of font info for 34 fonts, out of 3000000 for 9000
 715 hyphenation exceptions out of 8191
 28i,8n,21p,2138b,179s stack positions out of 5000i,500n,10000p,200000b,50000s
<D:/MiKTeX 2.9/fonts/type1/public/amsfonts/cm/cmbx10.pfb><D:/MiKTeX 2.9/f
onts/type1/public/amsfonts/cm/cmbx12.pfb><D:/MiKTeX 2.9/fonts/type1/public/amsf
onts/cm/cmr10.pfb><D:/MiKTeX 2.9/fonts/type1/public/amsfonts/cm/cmr12.pfb><D:/M
iKTeX 2.9/fonts/type1/public/amsfonts/cm/cmr6.pfb><D:/MiKTeX 2.9/fonts/type1/pu
blic/amsfonts/cm/cmr7.pfb><D:/MiKTeX 2.9/fonts/type1/public/amsfonts/cm/cmr8.pf
b><D:/MiKTeX 2.9/fonts/type1/public/amsfonts/cm/cmsl10.pfb><D:/MiKTeX 2.9/fonts
/type1/public/amsfonts/cm/cmsy10.pfb>
Output written on mainDoc.pdf (10 pages, 127830 bytes).
PDF statistics:
 71 PDF objects out of 1000 (max. 8388607)
 0 named destinations out of 1000 (max. 500000)
 1 words of extra memory for PDF output out of 10000 (max. 10000000)

